==6166== Memcheck, a memory error detector
==6166== Copyright (C) 2002-2017, and GNU GPL'd, by Julian Seward et al.
==6166== Using Valgrind-3.13.0 and LibVEX; rerun with -h for copyright info
==6166== Command: ./VideoShare
==6166== Parent PID: 4928
==6166== 
--6166-- 
--6166-- Valgrind options:
--6166--    --leak-check=full
--6166--    --log-file=logfile.out
--6166--    -v
--6166-- Contents of /proc/version:
--6166--   Linux version 4.15.0-38-generic (buildd@lcy01-amd64-023) (gcc version 7.3.0 (Ubuntu 7.3.0-16ubuntu3)) #41-Ubuntu SMP Wed Oct 10 10:59:38 UTC 2018
--6166-- 
--6166-- Arch and hwcaps: AMD64, LittleEndian, amd64-cx16-lzcnt-rdtscp-sse3-avx-avx2-bmi
--6166-- Page sizes: currently 4096, max supported 4096
--6166-- Valgrind library directory: /usr/lib/valgrind
--6166-- Reading syms from /home/bs05/e2171940/Desktop/213/CppProgramming/THEs/THE1/student_pack/VideoShare
--6166-- Reading syms from /lib/x86_64-linux-gnu/ld-2.27.so
--6166--   Considering /lib/x86_64-linux-gnu/ld-2.27.so ..
--6166--   .. CRC mismatch (computed 1b7c895e wanted 2943108a)
--6166--   Considering /usr/lib/debug/lib/x86_64-linux-gnu/ld-2.27.so ..
--6166--   .. CRC is valid
--6166-- Reading syms from /usr/lib/valgrind/memcheck-amd64-linux
--6166--   Considering /usr/lib/valgrind/memcheck-amd64-linux ..
--6166--   .. CRC mismatch (computed 62965bbf wanted eeb84137)
--6166--    object doesn't have a symbol table
--6166--    object doesn't have a dynamic symbol table
--6166-- Scheduler: using generic scheduler lock implementation.
--6166-- Reading suppressions file: /usr/lib/valgrind/default.supp
==6166== embedded gdbserver: reading from /tmp/vgdb-pipe-from-vgdb-to-6166-by-e2171940-on-???
==6166== embedded gdbserver: writing to   /tmp/vgdb-pipe-to-vgdb-from-6166-by-e2171940-on-???
==6166== embedded gdbserver: shared mem   /tmp/vgdb-pipe-shared-mem-vgdb-6166-by-e2171940-on-???
==6166== 
==6166== TO CONTROL THIS PROCESS USING vgdb (which you probably
==6166== don't want to do, unless you know exactly what you're doing,
==6166== or are doing some strange experiment):
==6166==   /usr/lib/valgrind/../../bin/vgdb --pid=6166 ...command...
==6166== 
==6166== TO DEBUG THIS PROCESS USING GDB: start GDB like this
==6166==   /path/to/gdb ./VideoShare
==6166== and then give GDB the following command
==6166==   target remote | /usr/lib/valgrind/../../bin/vgdb --pid=6166
==6166== --pid is optional if only one valgrind process is running
==6166== 
--6166-- REDIR: 0x401f2f0 (ld-linux-x86-64.so.2:strlen) redirected to 0x58060901 (???)
--6166-- REDIR: 0x401f0d0 (ld-linux-x86-64.so.2:index) redirected to 0x5806091b (???)
--6166-- Reading syms from /usr/lib/valgrind/vgpreload_core-amd64-linux.so
--6166--   Considering /usr/lib/valgrind/vgpreload_core-amd64-linux.so ..
--6166--   .. CRC mismatch (computed 13d5e98a wanted 1786ecf1)
--6166--    object doesn't have a symbol table
--6166-- Reading syms from /usr/lib/valgrind/vgpreload_memcheck-amd64-linux.so
--6166--   Considering /usr/lib/valgrind/vgpreload_memcheck-amd64-linux.so ..
--6166--   .. CRC mismatch (computed 8f77ef36 wanted fcbde737)
--6166--    object doesn't have a symbol table
==6166== WARNING: new redirection conflicts with existing -- ignoring it
--6166--     old: 0x0401f2f0 (strlen              ) R-> (0000.0) 0x58060901 ???
--6166--     new: 0x0401f2f0 (strlen              ) R-> (2007.0) 0x04c32db0 strlen
--6166-- REDIR: 0x401d360 (ld-linux-x86-64.so.2:strcmp) redirected to 0x4c33ee0 (strcmp)
--6166-- REDIR: 0x401f830 (ld-linux-x86-64.so.2:mempcpy) redirected to 0x4c374f0 (mempcpy)
--6166-- Reading syms from /usr/lib/x86_64-linux-gnu/libstdc++.so.6.0.25
--6166--    object doesn't have a symbol table
--6166-- Reading syms from /lib/x86_64-linux-gnu/libgcc_s.so.1
--6166--   Considering /usr/lib/debug/.build-id/92/e0be1929d28508cf9c6d5754c7eb48c12255b3.debug ..
--6166--   .. build-id is valid
--6166-- Reading syms from /lib/x86_64-linux-gnu/libc-2.27.so
--6166--   Considering /lib/x86_64-linux-gnu/libc-2.27.so ..
--6166--   .. CRC mismatch (computed b1c74187 wanted 042cc048)
--6166--   Considering /usr/lib/debug/lib/x86_64-linux-gnu/libc-2.27.so ..
--6166--   .. CRC is valid
--6166-- Reading syms from /lib/x86_64-linux-gnu/libm-2.27.so
--6166--   Considering /lib/x86_64-linux-gnu/libm-2.27.so ..
--6166--   .. CRC mismatch (computed 7feae033 wanted b29b2508)
--6166--   Considering /usr/lib/debug/lib/x86_64-linux-gnu/libm-2.27.so ..
--6166--   .. CRC is valid
--6166-- REDIR: 0x547bc70 (libc.so.6:memmove) redirected to 0x4a2a6e0 (_vgnU_ifunc_wrapper)
--6166-- REDIR: 0x547ad40 (libc.so.6:strncpy) redirected to 0x4a2a6e0 (_vgnU_ifunc_wrapper)
--6166-- REDIR: 0x547bf50 (libc.so.6:strcasecmp) redirected to 0x4a2a6e0 (_vgnU_ifunc_wrapper)
--6166-- REDIR: 0x547a790 (libc.so.6:strcat) redirected to 0x4a2a6e0 (_vgnU_ifunc_wrapper)
--6166-- REDIR: 0x547ad70 (libc.so.6:rindex) redirected to 0x4a2a6e0 (_vgnU_ifunc_wrapper)
--6166-- REDIR: 0x547d7c0 (libc.so.6:rawmemchr) redirected to 0x4a2a6e0 (_vgnU_ifunc_wrapper)
--6166-- REDIR: 0x547bde0 (libc.so.6:mempcpy) redirected to 0x4a2a6e0 (_vgnU_ifunc_wrapper)
--6166-- REDIR: 0x547bc10 (libc.so.6:bcmp) redirected to 0x4a2a6e0 (_vgnU_ifunc_wrapper)
--6166-- REDIR: 0x547ad00 (libc.so.6:strncmp) redirected to 0x4a2a6e0 (_vgnU_ifunc_wrapper)
--6166-- REDIR: 0x547a800 (libc.so.6:strcmp) redirected to 0x4a2a6e0 (_vgnU_ifunc_wrapper)
--6166-- REDIR: 0x547bd40 (libc.so.6:memset) redirected to 0x4a2a6e0 (_vgnU_ifunc_wrapper)
--6166-- REDIR: 0x54990f0 (libc.so.6:wcschr) redirected to 0x4a2a6e0 (_vgnU_ifunc_wrapper)
--6166-- REDIR: 0x547aca0 (libc.so.6:strnlen) redirected to 0x4a2a6e0 (_vgnU_ifunc_wrapper)
--6166-- REDIR: 0x547a870 (libc.so.6:strcspn) redirected to 0x4a2a6e0 (_vgnU_ifunc_wrapper)
--6166-- REDIR: 0x547bfa0 (libc.so.6:strncasecmp) redirected to 0x4a2a6e0 (_vgnU_ifunc_wrapper)
--6166-- REDIR: 0x547a840 (libc.so.6:strcpy) redirected to 0x4a2a6e0 (_vgnU_ifunc_wrapper)
--6166-- REDIR: 0x547c0e0 (libc.so.6:memcpy@@GLIBC_2.14) redirected to 0x4a2a6e0 (_vgnU_ifunc_wrapper)
--6166-- REDIR: 0x547ada0 (libc.so.6:strpbrk) redirected to 0x4a2a6e0 (_vgnU_ifunc_wrapper)
--6166-- REDIR: 0x547a7c0 (libc.so.6:index) redirected to 0x4a2a6e0 (_vgnU_ifunc_wrapper)
--6166-- REDIR: 0x547ac70 (libc.so.6:strlen) redirected to 0x4a2a6e0 (_vgnU_ifunc_wrapper)
--6166-- REDIR: 0x54856c0 (libc.so.6:memrchr) redirected to 0x4a2a6e0 (_vgnU_ifunc_wrapper)
--6166-- REDIR: 0x547bff0 (libc.so.6:strcasecmp_l) redirected to 0x4a2a6e0 (_vgnU_ifunc_wrapper)
--6166-- REDIR: 0x547bbe0 (libc.so.6:memchr) redirected to 0x4a2a6e0 (_vgnU_ifunc_wrapper)
--6166-- REDIR: 0x5499eb0 (libc.so.6:wcslen) redirected to 0x4a2a6e0 (_vgnU_ifunc_wrapper)
--6166-- REDIR: 0x547b050 (libc.so.6:strspn) redirected to 0x4a2a6e0 (_vgnU_ifunc_wrapper)
--6166-- REDIR: 0x547bf20 (libc.so.6:stpncpy) redirected to 0x4a2a6e0 (_vgnU_ifunc_wrapper)
--6166-- REDIR: 0x547bef0 (libc.so.6:stpcpy) redirected to 0x4a2a6e0 (_vgnU_ifunc_wrapper)
--6166-- REDIR: 0x547d7f0 (libc.so.6:strchrnul) redirected to 0x4a2a6e0 (_vgnU_ifunc_wrapper)
--6166-- REDIR: 0x547c040 (libc.so.6:strncasecmp_l) redirected to 0x4a2a6e0 (_vgnU_ifunc_wrapper)
--6166-- REDIR: 0x556b3c0 (libc.so.6:__strrchr_avx2) redirected to 0x4c32730 (rindex)
--6166-- REDIR: 0x5474070 (libc.so.6:malloc) redirected to 0x4c2faa0 (malloc)
--6166-- REDIR: 0x556b590 (libc.so.6:__strlen_avx2) redirected to 0x4c32cf0 (strlen)
--6166-- REDIR: 0x5567ba0 (libc.so.6:__memcmp_avx2_movbe) redirected to 0x4c35e00 (bcmp)
--6166-- REDIR: 0x5546d60 (libc.so.6:__strcmp_ssse3) redirected to 0x4c33da0 (strcmp)
--6166-- REDIR: 0x4ecf190 (libstdc++.so.6:operator new(unsigned long)) redirected to 0x4c30110 (operator new(unsigned long))
--6166-- REDIR: 0x4ecd2e0 (libstdc++.so.6:operator delete(void*)) redirected to 0x4c311d0 (operator delete(void*))
--6166-- REDIR: 0x556bad0 (libc.so.6:__memcpy_avx_unaligned_erms) redirected to 0x4c366e0 (memmove)
--6166-- REDIR: 0x547b590 (libc.so.6:__GI_strstr) redirected to 0x4c37760 (__strstr_sse2)
--6166-- REDIR: 0x4ecf240 (libstdc++.so.6:operator new[](unsigned long)) redirected to 0x4c30830 (operator new[](unsigned long))
--6166-- REDIR: 0x5567420 (libc.so.6:__memchr_avx2) redirected to 0x4c33f80 (memchr)
--6166-- REDIR: 0x4ecd310 (libstdc++.so.6:operator delete[](void*)) redirected to 0x4c316d0 (operator delete[](void*))
--6166-- REDIR: 0x5474950 (libc.so.6:free) redirected to 0x4c30cd0 (free)
--6166-- REDIR: 0x556bab0 (libc.so.6:__mempcpy_avx_unaligned_erms) redirected to 0x4c37130 (mempcpy)
==6166== 
==6166== HEAP SUMMARY:
==6166==     in use at exit: 0 bytes in 0 blocks
==6166==   total heap usage: 118 allocs, 118 frees, 95,062 bytes allocated
==6166== 
==6166== All heap blocks were freed -- no leaks are possible
==6166== 
==6166== ERROR SUMMARY: 0 errors from 0 contexts (suppressed: 0 from 0)
==6166== ERROR SUMMARY: 0 errors from 0 contexts (suppressed: 0 from 0)
